[debug] > Exec(;project ; reload, None, None)
[debug] > Exec(project, None, None)
[info] root (in build file:/C:/Users/polyakovma/Desktop/project_code/code/)
[debug] > Exec(reload, None, None)
[debug] > Exec(sbtStashOnFailure, None, None)
[debug] > Exec(onFailure loadFailed, None, None)
[debug] > Exec(loadp, None, None)
[info] welcome to sbt 1.7.2 (Amazon.com Inc. Java 18.0.2)
[debug] Load.defaultLoad until apply took 1.515ms
[debug]           Load.loadUnit: plugins took 13.4944ms
[debug]           Load.loadUnit: defsScala took 0.0039ms
[debug] [Loading] Scanning directory C:\Users\polyakovma\Desktop\project_code\code\project
[debug]             Load.loadUnit: mkEval took 0.1941ms
[debug] [Loading] Found non-root projects 
[debug] [Loading] Done in C:\Users\polyakovma\Desktop\project_code\code\project, returning: ()
[debug] deducing auto plugins based on known facts Set(Atom(sbt.plugins.CorePlugin)) and clauses Clauses(Clause(Atom(sbt.plugins.JvmPlugin),Set(Atom(sbt.plugins.IvyPlugin)))
[debug] Clause(Atom(sbt.ScriptedPlugin),Set(Atom(sbt.plugins.JvmPlugin)))
[debug] Clause(Atom(sbt.plugins.SbtPlugin),Set(Atom(sbt.ScriptedPlugin)))
[debug] Clause(Atom(sbt.plugins.SemanticdbPlugin),Set(Atom(sbt.plugins.JvmPlugin)))
[debug] Clause(Atom(sbt.plugins.JUnitXmlReportPlugin),Set(Atom(sbt.plugins.JvmPlugin)))
[debug] Clause(Atom(sbt.plugins.MiniDependencyTreePlugin),Set(Atom(sbt.plugins.JvmPlugin)))
[debug] Clause(Atom(sbt.plugins.CorePlugin),Set(Atom(sbt.plugins.IvyPlugin)))
[debug] Clause(Atom(sbt.plugins.IvyPlugin),Set(Atom(sbt.plugins.JvmPlugin)))
[debug] Clause(Atom(sbt.plugins.JvmPlugin),Set(Atom(sbt.plugins.SemanticdbPlugin)))
[debug] Clause(Atom(sbt.plugins.JvmPlugin),Set(Atom(sbt.plugins.JUnitXmlReportPlugin)))
[debug] Clause(Atom(sbt.plugins.CorePlugin),Set(Atom(sbt.plugins.Giter8TemplatePlugin)))
[debug] Clause(Atom(sbt.plugins.JvmPlugin),Set(Atom(sbt.plugins.MiniDependencyTreePlugin))))
[debug]   :: deduced result: Matched(sbt.plugins.CorePlugin,sbt.plugins.Giter8TemplatePlugin,sbt.plugins.IvyPlugin,sbt.plugins.JvmPlugin,sbt.plugins.MiniDependencyTreePlugin,sbt.plugins.JUnitXmlReportPlugin,sbt.plugins.SemanticdbPlugin)
[debug] Plugins.deducer#function took 0.8552 ms
[info] loading settings for project code-build from plugins.sbt,idea1.sbt ...
[debug]               Load.resolveProject(code-build) took 1.2438ms
[debug]             Load.loadTransitive: finalizeProject(Project(id code-build, base: C:\Users\polyakovma\Desktop\project_code\code\project, plugins: List(<none>))) took 2.3692ms
[debug] [Loading] Done in C:\Users\polyakovma\Desktop\project_code\code\project, returning: (code-build)
[debug]           Load.loadUnit: loadedProjectsRaw took 21.1288ms
[debug]           Load.loadUnit: cleanEvalClasses took 2.6843ms
[debug]         Load.loadUnit(file:/C:/Users/polyakovma/Desktop/project_code/code/project/, ...) took 42.939ms
[debug]       Load.apply: load took 43.7504ms
[debug]       Load.apply: resolveProjects took 0.0573ms
[debug]       Load.apply: finalTransforms took 4.6085ms
[debug]       Load.apply: config.delegates took 0.2077ms
[debug]       Load.apply: Def.make(settings)... took 45.6542ms
[debug]       Load.apply: structureIndex took 17.3153ms
[debug]       Load.apply: mkStreams took 0.0018ms
[info] loading project definition from C:\Users\polyakovma\Desktop\project_code\code\project
[debug] Running task... Cancel: Signal, check cycles: false, forcegc: true
[debug]     Load.loadUnit: plugins took 321.9326ms
[debug]     Load.loadUnit: defsScala took 0.0032ms
[debug] [Loading] Scanning directory C:\Users\polyakovma\Desktop\project_code\code
[debug]       Load.loadUnit: mkEval took 0.3196ms
[debug] [Loading] Found root project root w/ remaining 
[debug] deducing auto plugins based on known facts Set(Atom(sbt.plugins.CorePlugin)) and clauses Clauses(Clause(Atom(sbt.plugins.JvmPlugin),Set(Atom(sbt.plugins.IvyPlugin)))
[debug] Clause(Atom(sbt.ScriptedPlugin),Set(Atom(sbt.plugins.JvmPlugin)))
[debug] Clause(Atom(sbt.plugins.SbtPlugin),Set(Atom(sbt.ScriptedPlugin)))
[debug] Clause(Atom(sbt.plugins.SemanticdbPlugin),Set(Atom(sbt.plugins.JvmPlugin)))
[debug] Clause(Atom(sbt.plugins.JUnitXmlReportPlugin),Set(Atom(sbt.plugins.JvmPlugin)))
[debug] Clause(Atom(sbt.plugins.MiniDependencyTreePlugin),Set(Atom(sbt.plugins.JvmPlugin)))
[debug] Clause(Atom(sbtassembly.AssemblyPlugin),Set(Atom(sbt.plugins.JvmPlugin)))
[debug] Clause(Atom(org.jetbrains.sbt.StructurePlugin),Set(Atom(sbt.plugins.JvmPlugin)))
[debug] Clause(Atom(org.jetbrains.sbt.IdeaShellPlugin),Set(Atom(sbt.plugins.JvmPlugin)))
[debug] Clause(Atom(sbt.plugins.CorePlugin),Set(Atom(sbt.plugins.IvyPlugin)))
[debug] Clause(Atom(sbt.plugins.IvyPlugin),Set(Atom(sbt.plugins.JvmPlugin)))
[debug] Clause(Atom(sbt.plugins.JvmPlugin),Set(Atom(sbt.plugins.SemanticdbPlugin)))
[debug] Clause(Atom(sbt.plugins.JvmPlugin),Set(Atom(sbt.plugins.JUnitXmlReportPlugin)))
[debug] Clause(Atom(sbt.plugins.CorePlugin),Set(Atom(sbt.plugins.Giter8TemplatePlugin)))
[debug] Clause(Atom(sbt.plugins.JvmPlugin),Set(Atom(sbt.plugins.MiniDependencyTreePlugin)))
[debug] Clause(Atom(sbt.plugins.JvmPlugin),Set(Atom(sbtassembly.AssemblyPlugin)))
[debug] Clause(Atom(sbt.plugins.JvmPlugin),Set(Atom(org.jetbrains.sbt.StructurePlugin)))
[debug] Clause(Atom(sbt.plugins.JvmPlugin),Set(Atom(org.jetbrains.sbt.IdeaShellPlugin))))
[debug]   :: deduced result: Matched(sbt.plugins.CorePlugin,sbt.plugins.Giter8TemplatePlugin,sbt.plugins.IvyPlugin,sbt.plugins.JvmPlugin,sbt.plugins.SemanticdbPlugin,sbt.plugins.JUnitXmlReportPlugin,sbtassembly.AssemblyPlugin,org.jetbrains.sbt.IdeaShellPlugin,org.jetbrains.sbt.StructurePlugin,sbt.plugins.MiniDependencyTreePlugin)
[debug] Plugins.deducer#function took 1.2374 ms
[info] loading settings for project root from build.sbt ...
[debug]         Load.resolveProject(root) took 30.7426ms
[debug]       Load.loadTransitive: finalizeProject(Project(id root, base: C:\Users\polyakovma\Desktop\project_code\code, plugins: List(<none>))) took 32.8181ms
[debug] [Loading] Done in C:\Users\polyakovma\Desktop\project_code\code, returning: (root)
[debug]     Load.loadUnit: loadedProjectsRaw took 110.7693ms
[debug]     Load.loadUnit: cleanEvalClasses took 4.826ms
[debug]   Load.loadUnit(file:/C:/Users/polyakovma/Desktop/project_code/code/, ...) took 438.1847ms
[debug] Load.apply: load took 439.1235ms
[debug] Load.apply: resolveProjects took 0.0611ms
[debug] Load.apply: finalTransforms took 8.986ms
[debug] Load.apply: config.delegates took 0.1697ms
[debug] Load.apply: Def.make(settings)... took 48.3105ms
[debug] Load.apply: structureIndex took 16.1892ms
[debug] Load.apply: mkStreams took 0.0017ms
[info] set current project to ProjectJobs (in build file:/C:/Users/polyakovma/Desktop/project_code/code/)
[debug] > Exec(sbtPopOnFailure, None, None)
[debug] > Exec(resumeFromFailure, None, None)
[debug] > Exec(idea-shell, None, None)
