[debug] > Exec(reload, None, None)
[debug] > Exec(sbtStashOnFailure, None, None)
[debug] > Exec(onFailure loadFailed, None, None)
[debug] > Exec(loadp, None, None)
[info] welcome to sbt 1.7.2 (Amazon.com Inc. Java 1.8.0_332)
[debug]       Load.loadUnit: plugins took 469.3525ms
[debug]       Load.loadUnit: defsScala took 0.0144ms
[debug] [Loading] Scanning directory C:\Users\PolyakovMA\.sbt\1.0\plugins
[debug] [Loading] Found non-root projects 
[debug] [Loading] Done in C:\Users\PolyakovMA\.sbt\1.0\plugins, returning: ()
[debug] deducing auto plugins based on known facts Set(Atom(sbt.plugins.CorePlugin)) and clauses Clauses(Clause(Atom(sbt.plugins.JvmPlugin),Set(Atom(sbt.plugins.IvyPlugin)))
[debug] Clause(Atom(sbt.ScriptedPlugin),Set(Atom(sbt.plugins.JvmPlugin)))
[debug] Clause(Atom(sbt.plugins.SbtPlugin),Set(Atom(sbt.ScriptedPlugin)))
[debug] Clause(Atom(sbt.plugins.SemanticdbPlugin),Set(Atom(sbt.plugins.JvmPlugin)))
[debug] Clause(Atom(sbt.plugins.JUnitXmlReportPlugin),Set(Atom(sbt.plugins.JvmPlugin)))
[debug] Clause(Atom(sbt.plugins.MiniDependencyTreePlugin),Set(Atom(sbt.plugins.JvmPlugin)))
[debug] Clause(Atom(sbt.plugins.CorePlugin),Set(Atom(sbt.plugins.IvyPlugin)))
[debug] Clause(Atom(sbt.plugins.IvyPlugin),Set(Atom(sbt.plugins.JvmPlugin)))
[debug] Clause(Atom(sbt.plugins.JvmPlugin),Set(Atom(sbt.plugins.SemanticdbPlugin)))
[debug] Clause(Atom(sbt.plugins.JvmPlugin),Set(Atom(sbt.plugins.JUnitXmlReportPlugin)))
[debug] Clause(Atom(sbt.plugins.CorePlugin),Set(Atom(sbt.plugins.Giter8TemplatePlugin)))
[debug] Clause(Atom(sbt.plugins.JvmPlugin),Set(Atom(sbt.plugins.MiniDependencyTreePlugin))))
[debug]   :: deduced result: Matched(sbt.plugins.CorePlugin,sbt.plugins.Giter8TemplatePlugin,sbt.plugins.IvyPlugin,sbt.plugins.JvmPlugin,sbt.plugins.MiniDependencyTreePlugin,sbt.plugins.JUnitXmlReportPlugin,sbt.plugins.SemanticdbPlugin)
[debug] Plugins.deducer#function took 17.3464 ms
[debug]           Load.resolveProject(global-plugins) took 43.9232ms
[debug]         Load.loadTransitive: finalizeProject(Project(id global-plugins, base: C:\Users\PolyakovMA\.sbt\1.0\plugins, plugins: List(<none>))) took 73.585ms
[debug] [Loading] Done in C:\Users\PolyakovMA\.sbt\1.0\plugins, returning: (global-plugins)
[debug]       Load.loadUnit: loadedProjectsRaw took 102.8855ms
[debug]       Load.loadUnit: cleanEvalClasses took 0.0965ms
[debug]     Load.loadUnit(file:/C:/Users/PolyakovMA/.sbt/1.0/plugins/, ...) took 587.8887ms
[debug]   Load.apply: load took 634.2911ms
[debug]   Load.apply: resolveProjects took 9.941ms
[debug]   Load.apply: finalTransforms took 180.7698ms
[debug]   Load.apply: config.delegates took 6.0674ms
[debug]   Load.apply: Def.make(settings)... took 485.5901ms
[debug]   Load.apply: structureIndex took 54.5597ms
[debug]   Load.apply: mkStreams took 0.0113ms
[info] loading global plugins from C:\Users\PolyakovMA\.sbt\1.0\plugins
[debug] Running task... Cancel: Signal, check cycles: false, forcegc: true
[debug] Forcing garbage collection...
[debug] Load.defaultLoad until apply took 5174.3612ms
[debug]           Load.loadUnit: plugins took 43.6975ms
[debug]           Load.loadUnit: defsScala took 0.01ms
[debug] [Loading] Scanning directory C:\Users\PolyakovMA\Desktop\project\code\project
[debug]             Load.loadUnit: mkEval took 1.4254ms
[debug] [Loading] Found non-root projects 
[debug] [Loading] Done in C:\Users\PolyakovMA\Desktop\project\code\project, returning: ()
[debug] deducing auto plugins based on known facts Set(Atom(sbt.plugins.CorePlugin)) and clauses Clauses(Clause(Atom(sbt.plugins.JvmPlugin),Set(Atom(sbt.plugins.IvyPlugin)))
[debug] Clause(Atom(sbt.ScriptedPlugin),Set(Atom(sbt.plugins.JvmPlugin)))
[debug] Clause(Atom(sbt.plugins.SbtPlugin),Set(Atom(sbt.ScriptedPlugin)))
[debug] Clause(Atom(sbt.plugins.SemanticdbPlugin),Set(Atom(sbt.plugins.JvmPlugin)))
[debug] Clause(Atom(sbt.plugins.JUnitXmlReportPlugin),Set(Atom(sbt.plugins.JvmPlugin)))
[debug] Clause(Atom(sbt.plugins.MiniDependencyTreePlugin),Set(Atom(sbt.plugins.JvmPlugin)))
[debug] Clause(Atom(sbt.plugins.CorePlugin),Set(Atom(sbt.plugins.IvyPlugin)))
[debug] Clause(Atom(sbt.plugins.IvyPlugin),Set(Atom(sbt.plugins.JvmPlugin)))
[debug] Clause(Atom(sbt.plugins.JvmPlugin),Set(Atom(sbt.plugins.SemanticdbPlugin)))
[debug] Clause(Atom(sbt.plugins.JvmPlugin),Set(Atom(sbt.plugins.JUnitXmlReportPlugin)))
[debug] Clause(Atom(sbt.plugins.CorePlugin),Set(Atom(sbt.plugins.Giter8TemplatePlugin)))
[debug] Clause(Atom(sbt.plugins.JvmPlugin),Set(Atom(sbt.plugins.MiniDependencyTreePlugin))))
[debug]   :: deduced result: Matched(sbt.plugins.CorePlugin,sbt.plugins.Giter8TemplatePlugin,sbt.plugins.IvyPlugin,sbt.plugins.JvmPlugin,sbt.plugins.MiniDependencyTreePlugin,sbt.plugins.JUnitXmlReportPlugin,sbt.plugins.SemanticdbPlugin)
[debug] Plugins.deducer#function took 1.5263 ms
[info] loading settings for project code-build from plugins.sbt,idea.sbt ...
[debug]               Load.resolveProject(code-build) took 3.6165ms
[debug]             Load.loadTransitive: finalizeProject(Project(id code-build, base: C:\Users\PolyakovMA\Desktop\project\code\project, plugins: List(<none>))) took 5.6387ms
[debug] [Loading] Done in C:\Users\PolyakovMA\Desktop\project\code\project, returning: (code-build)
[debug]           Load.loadUnit: loadedProjectsRaw took 65.7032ms
[debug]           Load.loadUnit: cleanEvalClasses took 1.7514ms
[debug]         Load.loadUnit(file:/C:/Users/PolyakovMA/Desktop/project/code/project/, ...) took 112.0582ms
[debug]       Load.apply: load took 113.8113ms
[debug]       Load.apply: resolveProjects took 0.185ms
[debug]       Load.apply: finalTransforms took 18.725ms
[debug]       Load.apply: config.delegates took 0.3659ms
[debug]       Load.apply: Def.make(settings)... took 216.625ms
[debug]       Load.apply: structureIndex took 71.614ms
[debug]       Load.apply: mkStreams took 0.0051ms
[info] loading project definition from C:\Users\PolyakovMA\Desktop\project\code\project
[debug] Running task... Cancel: Signal, check cycles: false, forcegc: true
[debug]     Load.loadUnit: plugins took 832.7854ms
[debug]     Load.loadUnit: defsScala took 0.0041ms
[debug] [Loading] Scanning directory C:\Users\PolyakovMA\Desktop\project\code
[debug]       Load.loadUnit: mkEval took 0.5739ms
[debug] [Loading] Found root project root w/ remaining 
[debug] deducing auto plugins based on known facts Set(Atom(sbt.plugins.CorePlugin)) and clauses Clauses(Clause(Atom(sbt.plugins.JvmPlugin),Set(Atom(sbt.plugins.IvyPlugin)))
[debug] Clause(Atom(sbt.ScriptedPlugin),Set(Atom(sbt.plugins.JvmPlugin)))
[debug] Clause(Atom(sbt.plugins.SbtPlugin),Set(Atom(sbt.ScriptedPlugin)))
[debug] Clause(Atom(sbt.plugins.SemanticdbPlugin),Set(Atom(sbt.plugins.JvmPlugin)))
[debug] Clause(Atom(sbt.plugins.JUnitXmlReportPlugin),Set(Atom(sbt.plugins.JvmPlugin)))
[debug] Clause(Atom(sbt.plugins.MiniDependencyTreePlugin),Set(Atom(sbt.plugins.JvmPlugin)))
[debug] Clause(Atom(sbtassembly.AssemblyPlugin),Set(Atom(sbt.plugins.JvmPlugin)))
[debug] Clause(Atom(org.jetbrains.sbt.StructurePlugin),Set(Atom(sbt.plugins.JvmPlugin)))
[debug] Clause(Atom(org.jetbrains.sbt.IdeaShellPlugin),Set(Atom(sbt.plugins.JvmPlugin)))
[debug] Clause(Atom(sbt.plugins.CorePlugin),Set(Atom(sbt.plugins.IvyPlugin)))
[debug] Clause(Atom(sbt.plugins.IvyPlugin),Set(Atom(sbt.plugins.JvmPlugin)))
[debug] Clause(Atom(sbt.plugins.JvmPlugin),Set(Atom(sbt.plugins.SemanticdbPlugin)))
[debug] Clause(Atom(sbt.plugins.JvmPlugin),Set(Atom(sbt.plugins.JUnitXmlReportPlugin)))
[debug] Clause(Atom(sbt.plugins.CorePlugin),Set(Atom(sbt.plugins.Giter8TemplatePlugin)))
[debug] Clause(Atom(sbt.plugins.JvmPlugin),Set(Atom(sbt.plugins.MiniDependencyTreePlugin)))
[debug] Clause(Atom(sbt.plugins.JvmPlugin),Set(Atom(sbtassembly.AssemblyPlugin)))
[debug] Clause(Atom(sbt.plugins.JvmPlugin),Set(Atom(org.jetbrains.sbt.StructurePlugin)))
[debug] Clause(Atom(sbt.plugins.JvmPlugin),Set(Atom(org.jetbrains.sbt.IdeaShellPlugin))))
[debug]   :: deduced result: Matched(sbt.plugins.CorePlugin,sbt.plugins.Giter8TemplatePlugin,sbt.plugins.IvyPlugin,sbt.plugins.JvmPlugin,sbt.plugins.SemanticdbPlugin,sbt.plugins.JUnitXmlReportPlugin,sbtassembly.AssemblyPlugin,org.jetbrains.sbt.IdeaShellPlugin,org.jetbrains.sbt.StructurePlugin,sbt.plugins.MiniDependencyTreePlugin)
[debug] Plugins.deducer#function took 4.6365 ms
[info] loading settings for project root from build.sbt ...
[debug]         Load.resolveProject(root) took 141.2772ms
[debug]       Load.loadTransitive: finalizeProject(Project(id root, base: C:\Users\PolyakovMA\Desktop\project\code, plugins: List(<none>))) took 146.9495ms
[debug] [Loading] Done in C:\Users\PolyakovMA\Desktop\project\code, returning: (root)
[debug]     Load.loadUnit: loadedProjectsRaw took 376.2864ms
[debug]     Load.loadUnit: cleanEvalClasses took 12.3663ms
[debug]   Load.loadUnit(file:/C:/Users/PolyakovMA/Desktop/project/code/, ...) took 1222.0409ms
[debug] Load.apply: load took 1236.9403ms
[debug] Load.apply: resolveProjects took 0.1725ms
[debug] Load.apply: finalTransforms took 193.9085ms
[debug] Load.apply: config.delegates took 0.3837ms
[debug] Load.apply: Def.make(settings)... took 589.415ms
[debug] Load.apply: structureIndex took 35.4749ms
[debug] Load.apply: mkStreams took 0.004ms
[info] set current project to ProjectJobs (in build file:/C:/Users/PolyakovMA/Desktop/project/code/)
[debug] > Exec(sbtPopOnFailure, None, None)
[debug] > Exec(resumeFromFailure, None, None)
[debug] > Exec(idea-shell, None, None)
