[debug] > Exec(reload, None, None)
[debug] > Exec(sbtStashOnFailure, None, None)
[debug] > Exec(onFailure loadFailed, None, None)
[debug] > Exec(loadp, None, None)
[info] welcome to sbt 1.7.2 (Oracle Corporation Java 18.0.1.1)
[debug]       Load.loadUnit: plugins took 230.0283ms
[debug]       Load.loadUnit: defsScala took 0.0114ms
[debug] [Loading] Scanning directory C:\Users\PolyakovMA\.sbt\1.0\plugins
[debug] [Loading] Found non-root projects 
[debug] [Loading] Done in C:\Users\PolyakovMA\.sbt\1.0\plugins, returning: ()
[debug] deducing auto plugins based on known facts Set(Atom(sbt.plugins.CorePlugin)) and clauses Clauses(Clause(Atom(sbt.plugins.JvmPlugin),Set(Atom(sbt.plugins.IvyPlugin)))
[debug] Clause(Atom(sbt.ScriptedPlugin),Set(Atom(sbt.plugins.JvmPlugin)))
[debug] Clause(Atom(sbt.plugins.SbtPlugin),Set(Atom(sbt.ScriptedPlugin)))
[debug] Clause(Atom(sbt.plugins.SemanticdbPlugin),Set(Atom(sbt.plugins.JvmPlugin)))
[debug] Clause(Atom(sbt.plugins.JUnitXmlReportPlugin),Set(Atom(sbt.plugins.JvmPlugin)))
[debug] Clause(Atom(sbt.plugins.MiniDependencyTreePlugin),Set(Atom(sbt.plugins.JvmPlugin)))
[debug] Clause(Atom(sbt.plugins.CorePlugin),Set(Atom(sbt.plugins.IvyPlugin)))
[debug] Clause(Atom(sbt.plugins.IvyPlugin),Set(Atom(sbt.plugins.JvmPlugin)))
[debug] Clause(Atom(sbt.plugins.JvmPlugin),Set(Atom(sbt.plugins.SemanticdbPlugin)))
[debug] Clause(Atom(sbt.plugins.JvmPlugin),Set(Atom(sbt.plugins.JUnitXmlReportPlugin)))
[debug] Clause(Atom(sbt.plugins.CorePlugin),Set(Atom(sbt.plugins.Giter8TemplatePlugin)))
[debug] Clause(Atom(sbt.plugins.JvmPlugin),Set(Atom(sbt.plugins.MiniDependencyTreePlugin))))
[debug]   :: deduced result: Matched(sbt.plugins.CorePlugin,sbt.plugins.Giter8TemplatePlugin,sbt.plugins.IvyPlugin,sbt.plugins.JvmPlugin,sbt.plugins.MiniDependencyTreePlugin,sbt.plugins.JUnitXmlReportPlugin,sbt.plugins.SemanticdbPlugin)
[debug] Plugins.deducer#function took 19.3868 ms
[debug]           Load.resolveProject(global-plugins) took 34.2072ms
[debug]         Load.loadTransitive: finalizeProject(Project(id global-plugins, base: C:\Users\PolyakovMA\.sbt\1.0\plugins, plugins: List(<none>))) took 63.1206ms
[debug] [Loading] Done in C:\Users\PolyakovMA\.sbt\1.0\plugins, returning: (global-plugins)
[debug]       Load.loadUnit: loadedProjectsRaw took 87.4512ms
[debug]       Load.loadUnit: cleanEvalClasses took 0.0099ms
[debug]     Load.loadUnit(file:/C:/Users/PolyakovMA/.sbt/1.0/plugins/, ...) took 326.6962ms
[debug]   Load.apply: load took 357.7647ms
[debug]   Load.apply: resolveProjects took 8.1637ms
[debug]   Load.apply: finalTransforms took 95.156ms
[debug]   Load.apply: config.delegates took 3.2244ms
[debug]   Load.apply: Def.make(settings)... took 352.3739ms
[debug]   Load.apply: structureIndex took 134.4924ms
[debug]   Load.apply: mkStreams took 0.0135ms
[info] loading global plugins from C:\Users\PolyakovMA\.sbt\1.0\plugins
[debug] Running task... Cancel: Signal, check cycles: false, forcegc: true
[debug] Forcing garbage collection...
[debug] Load.defaultLoad until apply took 3066.6215ms
[debug]           Load.loadUnit: plugins took 192.6514ms
[debug]           Load.loadUnit: defsScala took 0.0024ms
[debug] [Loading] Scanning directory C:\Users\PolyakovMA\Desktop\project\code\project
[debug]             Load.loadUnit: mkEval took 2.114ms
[debug] [Loading] Found non-root projects 
[debug] [Loading] Done in C:\Users\PolyakovMA\Desktop\project\code\project, returning: ()
[debug] deducing auto plugins based on known facts Set(Atom(sbt.plugins.CorePlugin)) and clauses Clauses(Clause(Atom(sbt.plugins.JvmPlugin),Set(Atom(sbt.plugins.IvyPlugin)))
[debug] Clause(Atom(sbt.ScriptedPlugin),Set(Atom(sbt.plugins.JvmPlugin)))
[debug] Clause(Atom(sbt.plugins.SbtPlugin),Set(Atom(sbt.ScriptedPlugin)))
[debug] Clause(Atom(sbt.plugins.SemanticdbPlugin),Set(Atom(sbt.plugins.JvmPlugin)))
[debug] Clause(Atom(sbt.plugins.JUnitXmlReportPlugin),Set(Atom(sbt.plugins.JvmPlugin)))
[debug] Clause(Atom(sbt.plugins.MiniDependencyTreePlugin),Set(Atom(sbt.plugins.JvmPlugin)))
[debug] Clause(Atom(sbt.plugins.CorePlugin),Set(Atom(sbt.plugins.IvyPlugin)))
[debug] Clause(Atom(sbt.plugins.IvyPlugin),Set(Atom(sbt.plugins.JvmPlugin)))
[debug] Clause(Atom(sbt.plugins.JvmPlugin),Set(Atom(sbt.plugins.SemanticdbPlugin)))
[debug] Clause(Atom(sbt.plugins.JvmPlugin),Set(Atom(sbt.plugins.JUnitXmlReportPlugin)))
[debug] Clause(Atom(sbt.plugins.CorePlugin),Set(Atom(sbt.plugins.Giter8TemplatePlugin)))
[debug] Clause(Atom(sbt.plugins.JvmPlugin),Set(Atom(sbt.plugins.MiniDependencyTreePlugin))))
[debug]   :: deduced result: Matched(sbt.plugins.CorePlugin,sbt.plugins.Giter8TemplatePlugin,sbt.plugins.IvyPlugin,sbt.plugins.JvmPlugin,sbt.plugins.MiniDependencyTreePlugin,sbt.plugins.JUnitXmlReportPlugin,sbt.plugins.SemanticdbPlugin)
[debug] Plugins.deducer#function took 1.2355 ms
[info] loading settings for project code-build from plugins.sbt,idea1.sbt ...
[debug]               Load.resolveProject(code-build) took 4.6336ms
[debug]             Load.loadTransitive: finalizeProject(Project(id code-build, base: C:\Users\PolyakovMA\Desktop\project\code\project, plugins: List(<none>))) took 6.2878ms
[debug] [Loading] Done in C:\Users\PolyakovMA\Desktop\project\code\project, returning: (code-build)
[debug]           Load.loadUnit: loadedProjectsRaw took 103.6277ms
[debug]           Load.loadUnit: cleanEvalClasses took 6.4155ms
[debug]         Load.loadUnit(file:/C:/Users/PolyakovMA/Desktop/project/code/project/, ...) took 303.277ms
[debug]       Load.apply: load took 307.1012ms
[debug]       Load.apply: resolveProjects took 0.1251ms
[debug]       Load.apply: finalTransforms took 21.5499ms
[debug]       Load.apply: config.delegates took 0.6608ms
[debug]       Load.apply: Def.make(settings)... took 87.2063ms
[debug]       Load.apply: structureIndex took 25.752ms
[debug]       Load.apply: mkStreams took 0.0022ms
[info] loading project definition from C:\Users\PolyakovMA\Desktop\project\code\project
[debug] Running task... Cancel: Signal, check cycles: false, forcegc: true
[debug]     Load.loadUnit: plugins took 748.9309ms
[debug]     Load.loadUnit: defsScala took 0.0022ms
[debug] [Loading] Scanning directory C:\Users\PolyakovMA\Desktop\project\code
[debug]       Load.loadUnit: mkEval took 0.9642ms
[debug] [Loading] Found root project root w/ remaining 
[debug] deducing auto plugins based on known facts Set(Atom(sbt.plugins.CorePlugin)) and clauses Clauses(Clause(Atom(sbt.plugins.JvmPlugin),Set(Atom(sbt.plugins.IvyPlugin)))
[debug] Clause(Atom(sbt.ScriptedPlugin),Set(Atom(sbt.plugins.JvmPlugin)))
[debug] Clause(Atom(sbt.plugins.SbtPlugin),Set(Atom(sbt.ScriptedPlugin)))
[debug] Clause(Atom(sbt.plugins.SemanticdbPlugin),Set(Atom(sbt.plugins.JvmPlugin)))
[debug] Clause(Atom(sbt.plugins.JUnitXmlReportPlugin),Set(Atom(sbt.plugins.JvmPlugin)))
[debug] Clause(Atom(sbt.plugins.MiniDependencyTreePlugin),Set(Atom(sbt.plugins.JvmPlugin)))
[debug] Clause(Atom(sbtassembly.AssemblyPlugin),Set(Atom(sbt.plugins.JvmPlugin)))
[debug] Clause(Atom(org.jetbrains.sbt.StructurePlugin),Set(Atom(sbt.plugins.JvmPlugin)))
[debug] Clause(Atom(org.jetbrains.sbt.IdeaShellPlugin),Set(Atom(sbt.plugins.JvmPlugin)))
[debug] Clause(Atom(org.jetbrains.sbt.indices.SbtIntellijIndicesPlugin),Set(Atom(sbt.plugins.JvmPlugin)))
[debug] Clause(Atom(sbt.plugins.CorePlugin),Set(Atom(sbt.plugins.IvyPlugin)))
[debug] Clause(Atom(sbt.plugins.IvyPlugin),Set(Atom(sbt.plugins.JvmPlugin)))
[debug] Clause(Atom(sbt.plugins.JvmPlugin),Set(Atom(sbt.plugins.SemanticdbPlugin)))
[debug] Clause(Atom(sbt.plugins.JvmPlugin),Set(Atom(sbt.plugins.JUnitXmlReportPlugin)))
[debug] Clause(Atom(sbt.plugins.CorePlugin),Set(Atom(sbt.plugins.Giter8TemplatePlugin)))
[debug] Clause(Atom(sbt.plugins.JvmPlugin),Set(Atom(sbt.plugins.MiniDependencyTreePlugin)))
[debug] Clause(Atom(sbt.plugins.JvmPlugin),Set(Atom(sbtassembly.AssemblyPlugin)))
[debug] Clause(Atom(sbt.plugins.JvmPlugin),Set(Atom(org.jetbrains.sbt.StructurePlugin)))
[debug] Clause(Atom(sbt.plugins.JvmPlugin),Set(Atom(org.jetbrains.sbt.IdeaShellPlugin)))
[debug] Clause(And(Set(Atom(sbt.plugins.CorePlugin), Atom(sbt.plugins.JvmPlugin))),Set(Atom(org.jetbrains.sbt.indices.SbtIntellijIndicesPlugin))))
[debug]   :: deduced result: Matched(sbt.plugins.CorePlugin,sbt.plugins.Giter8TemplatePlugin,sbt.plugins.IvyPlugin,sbt.plugins.JvmPlugin,sbt.plugins.SemanticdbPlugin,org.jetbrains.sbt.indices.SbtIntellijIndicesPlugin,sbt.plugins.JUnitXmlReportPlugin,sbtassembly.AssemblyPlugin,org.jetbrains.sbt.IdeaShellPlugin,org.jetbrains.sbt.StructurePlugin,sbt.plugins.MiniDependencyTreePlugin)
[debug] Plugins.deducer#function took 0.955 ms
[info] loading settings for project root from build.sbt ...
[debug]         Load.resolveProject(root) took 24.3141ms
[debug]       Load.loadTransitive: finalizeProject(Project(id root, base: C:\Users\PolyakovMA\Desktop\project\code, plugins: List(<none>))) took 25.6524ms
[debug] [Loading] Done in C:\Users\PolyakovMA\Desktop\project\code, returning: (root)
[debug]     Load.loadUnit: loadedProjectsRaw took 1821.0932ms
[debug]     Load.loadUnit: cleanEvalClasses took 20.0042ms
[debug]   Load.loadUnit(file:/C:/Users/PolyakovMA/Desktop/project/code/, ...) took 2590.992ms
[debug] Load.apply: load took 2592.2852ms
[debug] Load.apply: resolveProjects took 0.0916ms
[debug] Load.apply: finalTransforms took 13.8327ms
[debug] Load.apply: config.delegates took 0.2662ms
[debug] Load.apply: Def.make(settings)... took 43.063ms
[debug] Load.apply: structureIndex took 14.9716ms
[debug] Load.apply: mkStreams took 0.0036ms
[info] set current project to ProjectJobs (in build file:/C:/Users/PolyakovMA/Desktop/project/code/)
[debug] > Exec(sbtPopOnFailure, None, None)
[debug] > Exec(resumeFromFailure, None, None)
[debug] > Exec(idea-shell, None, None)
