[debug] > Exec(early(addDefaultCommands), None, None)
[debug] > Exec(addDefaultCommands, None, None)
[debug] > Exec(early(initialize), None, None)
[debug] > Exec(initialize, None, None)
[debug] > Exec(early(addPluginSbtFile="""C:\Users\PolyakovMA\AppData\Local\Temp\idea.sbt"""), None, None)
[debug] > Exec(addPluginSbtFile="""C:\Users\PolyakovMA\AppData\Local\Temp\idea.sbt""", None, None)
[debug] > Exec(boot, None, None)
[debug] > Exec(writeSbtVersion, None, None)
[debug] > Exec(reload, None, None)
[debug] > Exec(sbtStashOnFailure, None, None)
[debug] > Exec(onFailure loadFailed, None, None)
[debug] > Exec(loadp, None, None)
[info] welcome to sbt 1.7.2 (Amazon.com Inc. Java 1.8.0_332)
[debug]       Load.loadUnit: plugins took 116.4996ms
[debug]       Load.loadUnit: defsScala took 0.5003ms
[debug] [Loading] Scanning directory C:\Users\PolyakovMA\.sbt\1.0\plugins
[debug] [Loading] Found non-root projects 
[debug] [Loading] Done in C:\Users\PolyakovMA\.sbt\1.0\plugins, returning: ()
[debug] deducing auto plugins based on known facts Set(Atom(sbt.plugins.CorePlugin)) and clauses Clauses(Clause(Atom(sbt.plugins.JvmPlugin),Set(Atom(sbt.plugins.IvyPlugin)))
[debug] Clause(Atom(sbt.ScriptedPlugin),Set(Atom(sbt.plugins.JvmPlugin)))
[debug] Clause(Atom(sbt.plugins.SbtPlugin),Set(Atom(sbt.ScriptedPlugin)))
[debug] Clause(Atom(sbt.plugins.SemanticdbPlugin),Set(Atom(sbt.plugins.JvmPlugin)))
[debug] Clause(Atom(sbt.plugins.JUnitXmlReportPlugin),Set(Atom(sbt.plugins.JvmPlugin)))
[debug] Clause(Atom(sbt.plugins.MiniDependencyTreePlugin),Set(Atom(sbt.plugins.JvmPlugin)))
[debug] Clause(Atom(sbt.plugins.CorePlugin),Set(Atom(sbt.plugins.IvyPlugin)))
[debug] Clause(Atom(sbt.plugins.IvyPlugin),Set(Atom(sbt.plugins.JvmPlugin)))
[debug] Clause(Atom(sbt.plugins.JvmPlugin),Set(Atom(sbt.plugins.SemanticdbPlugin)))
[debug] Clause(Atom(sbt.plugins.JvmPlugin),Set(Atom(sbt.plugins.JUnitXmlReportPlugin)))
[debug] Clause(Atom(sbt.plugins.CorePlugin),Set(Atom(sbt.plugins.Giter8TemplatePlugin)))
[debug] Clause(Atom(sbt.plugins.JvmPlugin),Set(Atom(sbt.plugins.MiniDependencyTreePlugin))))
[debug]   :: deduced result: Matched(sbt.plugins.CorePlugin,sbt.plugins.Giter8TemplatePlugin,sbt.plugins.IvyPlugin,sbt.plugins.JvmPlugin,sbt.plugins.MiniDependencyTreePlugin,sbt.plugins.JUnitXmlReportPlugin,sbt.plugins.SemanticdbPlugin)
[debug] Plugins.deducer#function took 21.684 ms
[debug]           Load.resolveProject(global-plugins) took 39.2588ms
[debug]         Load.loadTransitive: finalizeProject(Project(id global-plugins, base: C:\Users\PolyakovMA\.sbt\1.0\plugins, plugins: List(<none>))) took 82.2444ms
[debug] [Loading] Done in C:\Users\PolyakovMA\.sbt\1.0\plugins, returning: (global-plugins)
[debug]       Load.loadUnit: loadedProjectsRaw took 104.4745ms
[debug]       Load.loadUnit: cleanEvalClasses took 0.1883ms
[debug]     Load.loadUnit(file:/C:/Users/PolyakovMA/.sbt/1.0/plugins/, ...) took 315.7986ms
[debug]   Load.apply: load took 477.891ms
[debug]   Load.apply: resolveProjects took 7.1569ms
[debug]   Load.apply: finalTransforms took 55.8857ms
[debug]   Load.apply: config.delegates took 8.9696ms
[debug]   Load.apply: Def.make(settings)... took 568.1623ms
[debug]   Load.apply: structureIndex took 123.0568ms
[debug]   Load.apply: mkStreams took 1.9745ms
[info] loading global plugins from C:\Users\PolyakovMA\.sbt\1.0\plugins
[debug] Running task... Cancel: Signal, check cycles: false, forcegc: true
[debug] Load.defaultLoad until apply took 2806.3212ms
[debug]           Load.loadUnit: plugins took 23.6358ms
[debug]           Load.loadUnit: defsScala took 0.003ms
[debug] [Loading] Scanning directory C:\Users\PolyakovMA\Desktop\project\code\project
[debug]             Load.loadUnit: mkEval took 6.6933ms
[debug] [Loading] Found non-root projects 
[debug] [Loading] Done in C:\Users\PolyakovMA\Desktop\project\code\project, returning: ()
[debug] deducing auto plugins based on known facts Set(Atom(sbt.plugins.CorePlugin)) and clauses Clauses(Clause(Atom(sbt.plugins.JvmPlugin),Set(Atom(sbt.plugins.IvyPlugin)))
[debug] Clause(Atom(sbt.ScriptedPlugin),Set(Atom(sbt.plugins.JvmPlugin)))
[debug] Clause(Atom(sbt.plugins.SbtPlugin),Set(Atom(sbt.ScriptedPlugin)))
[debug] Clause(Atom(sbt.plugins.SemanticdbPlugin),Set(Atom(sbt.plugins.JvmPlugin)))
[debug] Clause(Atom(sbt.plugins.JUnitXmlReportPlugin),Set(Atom(sbt.plugins.JvmPlugin)))
[debug] Clause(Atom(sbt.plugins.MiniDependencyTreePlugin),Set(Atom(sbt.plugins.JvmPlugin)))
[debug] Clause(Atom(sbt.plugins.CorePlugin),Set(Atom(sbt.plugins.IvyPlugin)))
[debug] Clause(Atom(sbt.plugins.IvyPlugin),Set(Atom(sbt.plugins.JvmPlugin)))
[debug] Clause(Atom(sbt.plugins.JvmPlugin),Set(Atom(sbt.plugins.SemanticdbPlugin)))
[debug] Clause(Atom(sbt.plugins.JvmPlugin),Set(Atom(sbt.plugins.JUnitXmlReportPlugin)))
[debug] Clause(Atom(sbt.plugins.CorePlugin),Set(Atom(sbt.plugins.Giter8TemplatePlugin)))
[debug] Clause(Atom(sbt.plugins.JvmPlugin),Set(Atom(sbt.plugins.MiniDependencyTreePlugin))))
[debug]   :: deduced result: Matched(sbt.plugins.CorePlugin,sbt.plugins.Giter8TemplatePlugin,sbt.plugins.IvyPlugin,sbt.plugins.JvmPlugin,sbt.plugins.MiniDependencyTreePlugin,sbt.plugins.JUnitXmlReportPlugin,sbt.plugins.SemanticdbPlugin)
[debug] Plugins.deducer#function took 2.7064 ms
[info] loading settings for project code-build from plugins.sbt,idea.sbt ...
[debug]               Load.resolveProject(code-build) took 4.1975ms
[debug]             Load.loadTransitive: finalizeProject(Project(id code-build, base: C:\Users\PolyakovMA\Desktop\project\code\project, plugins: List(<none>))) took 8.0564ms
[debug] [Loading] Done in C:\Users\PolyakovMA\Desktop\project\code\project, returning: (code-build)
[debug]           Load.loadUnit: loadedProjectsRaw took 2468.8306ms
[debug]           Load.loadUnit: cleanEvalClasses took 6.1492ms
[debug]         Load.loadUnit(file:/C:/Users/PolyakovMA/Desktop/project/code/project/, ...) took 2499.7411ms
[debug]       Load.apply: load took 2502.1905ms
[debug]       Load.apply: resolveProjects took 0.1499ms
[debug]       Load.apply: finalTransforms took 14.7248ms
[debug]       Load.apply: config.delegates took 0.5736ms
[debug]       Load.apply: Def.make(settings)... took 324.9183ms
[debug]       Load.apply: structureIndex took 83.9785ms
[debug]       Load.apply: mkStreams took 0.0056ms
[info] loading project definition from C:\Users\PolyakovMA\Desktop\project\code\project
[debug] Running task... Cancel: Signal, check cycles: false, forcegc: true
[warn] Unrecognized repository Scala Plugin Bundled Repository, ignoring it
[warn] Unrecognized repository Scala Plugin Bundled Repository, ignoring it
[debug]     Load.loadUnit: plugins took 6525.8751ms
[debug]     Load.loadUnit: defsScala took 0.0052ms
[debug] [Loading] Scanning directory C:\Users\PolyakovMA\Desktop\project\code
[debug]       Load.loadUnit: mkEval took 0.341ms
[debug] [Loading] Found root project root w/ remaining 
[debug] deducing auto plugins based on known facts Set(Atom(sbt.plugins.CorePlugin)) and clauses Clauses(Clause(Atom(sbt.plugins.JvmPlugin),Set(Atom(sbt.plugins.IvyPlugin)))
[debug] Clause(Atom(sbt.ScriptedPlugin),Set(Atom(sbt.plugins.JvmPlugin)))
[debug] Clause(Atom(sbt.plugins.SbtPlugin),Set(Atom(sbt.ScriptedPlugin)))
[debug] Clause(Atom(sbt.plugins.SemanticdbPlugin),Set(Atom(sbt.plugins.JvmPlugin)))
[debug] Clause(Atom(sbt.plugins.JUnitXmlReportPlugin),Set(Atom(sbt.plugins.JvmPlugin)))
[debug] Clause(Atom(sbt.plugins.MiniDependencyTreePlugin),Set(Atom(sbt.plugins.JvmPlugin)))
[debug] Clause(Atom(sbtassembly.AssemblyPlugin),Set(Atom(sbt.plugins.JvmPlugin)))
[debug] Clause(Atom(org.jetbrains.sbt.StructurePlugin),Set(Atom(sbt.plugins.JvmPlugin)))
[debug] Clause(Atom(org.jetbrains.sbt.IdeaShellPlugin),Set(Atom(sbt.plugins.JvmPlugin)))
[debug] Clause(Atom(org.jetbrains.sbt.indices.SbtIntellijIndicesPlugin),Set(Atom(sbt.plugins.JvmPlugin)))
[debug] Clause(Atom(sbt.plugins.CorePlugin),Set(Atom(sbt.plugins.IvyPlugin)))
[debug] Clause(Atom(sbt.plugins.IvyPlugin),Set(Atom(sbt.plugins.JvmPlugin)))
[debug] Clause(Atom(sbt.plugins.JvmPlugin),Set(Atom(sbt.plugins.SemanticdbPlugin)))
[debug] Clause(Atom(sbt.plugins.JvmPlugin),Set(Atom(sbt.plugins.JUnitXmlReportPlugin)))
[debug] Clause(Atom(sbt.plugins.CorePlugin),Set(Atom(sbt.plugins.Giter8TemplatePlugin)))
[debug] Clause(Atom(sbt.plugins.JvmPlugin),Set(Atom(sbt.plugins.MiniDependencyTreePlugin)))
[debug] Clause(Atom(sbt.plugins.JvmPlugin),Set(Atom(sbtassembly.AssemblyPlugin)))
[debug] Clause(Atom(sbt.plugins.JvmPlugin),Set(Atom(org.jetbrains.sbt.StructurePlugin)))
[debug] Clause(Atom(sbt.plugins.JvmPlugin),Set(Atom(org.jetbrains.sbt.IdeaShellPlugin)))
[debug] Clause(And(Set(Atom(sbt.plugins.CorePlugin), Atom(sbt.plugins.JvmPlugin))),Set(Atom(org.jetbrains.sbt.indices.SbtIntellijIndicesPlugin))))
[debug]   :: deduced result: Matched(sbt.plugins.CorePlugin,sbt.plugins.Giter8TemplatePlugin,sbt.plugins.IvyPlugin,sbt.plugins.JvmPlugin,sbt.plugins.SemanticdbPlugin,org.jetbrains.sbt.indices.SbtIntellijIndicesPlugin,sbt.plugins.JUnitXmlReportPlugin,sbtassembly.AssemblyPlugin,org.jetbrains.sbt.IdeaShellPlugin,org.jetbrains.sbt.StructurePlugin,sbt.plugins.MiniDependencyTreePlugin)
[debug] Plugins.deducer#function took 3.2857 ms
[info] loading settings for project root from build.sbt ...
[debug]         Load.resolveProject(root) took 33.7028ms
[debug]       Load.loadTransitive: finalizeProject(Project(id root, base: C:\Users\PolyakovMA\Desktop\project\code, plugins: List(<none>))) took 39.4128ms
[debug] [Loading] Done in C:\Users\PolyakovMA\Desktop\project\code, returning: (root)
[debug]     Load.loadUnit: loadedProjectsRaw took 2525.1485ms
[debug]     Load.loadUnit: cleanEvalClasses took 15.7601ms
[debug]   Load.loadUnit(file:/C:/Users/PolyakovMA/Desktop/project/code/, ...) took 9067.6618ms
[debug] Load.apply: load took 9070.7464ms
[debug] Load.apply: resolveProjects took 0.2317ms
[debug] Load.apply: finalTransforms took 25.6087ms
[debug] Load.apply: config.delegates took 0.3232ms
[debug] Load.apply: Def.make(settings)... took 94.8214ms
[debug] Load.apply: structureIndex took 22.422ms
[debug] Load.apply: mkStreams took 0.0057ms
[info] set current project to ProjectJobs (in build file:/C:/Users/PolyakovMA/Desktop/project/code/)
[debug] > Exec(sbtPopOnFailure, None, None)
[debug] > Exec(resumeFromFailure, None, None)
[debug] > Exec(notifyUsersAboutShell, None, None)
[debug] > Exec(iflast shell, None, None)
[debug] > Exec(; set ideaPort in Global := 57290 ; idea-shell, None, None)
[debug] > Exec(set ideaPort in Global := 57290, None, None)
[info] Defining Global / ideaPort
[info] The new value will be used by Compile / compile, Test / compile
[debug] Defining 
[debug] 	Global / ideaPort
[debug] 
[debug] The new value will be used by 
[debug] 	Compile / compile
[debug] 	Test / compile
[info] Reapplying settings...
[info] set current project to ProjectJobs (in build file:/C:/Users/PolyakovMA/Desktop/project/code/)
[debug] > Exec(idea-shell, None, None)
